{"C:\\Backend III\\src\\app.js": {"path":"C:\\Backend III\\src\\app.js","statementMap":{"0":{"start":{"line":1,"column":16},"end":{"line":1,"column":34}},"1":{"start":{"line":2,"column":17},"end":{"line":2,"column":36}},"2":{"start":{"line":3,"column":18},"end":{"line":3,"column":47}},"3":{"start":{"line":4,"column":20},"end":{"line":4,"column":47}},"4":{"start":{"line":6,"column":12},"end":{"line":6,"column":21}},"5":{"start":{"line":7,"column":13},"end":{"line":7,"column":37}},"6":{"start":{"line":9,"column":2},"end":{"line":9,"column":72}},"7":{"start":{"line":12,"column":0},"end":{"line":12,"column":24}},"8":{"start":{"line":13,"column":0},"end":{"line":13,"column":48}},"9":{"start":{"line":16,"column":20},"end":{"line":16,"column":52}},"10":{"start":{"line":17,"column":19},"end":{"line":17,"column":50}},"11":{"start":{"line":18,"column":20},"end":{"line":18,"column":52}},"12":{"start":{"line":19,"column":24},"end":{"line":19,"column":59}},"13":{"start":{"line":22,"column":0},"end":{"line":22,"column":67}},"14":{"start":{"line":25,"column":0},"end":{"line":25,"column":35}},"15":{"start":{"line":26,"column":0},"end":{"line":26,"column":33}},"16":{"start":{"line":27,"column":0},"end":{"line":27,"column":35}},"17":{"start":{"line":28,"column":0},"end":{"line":28,"column":43}},"18":{"start":{"line":31,"column":0},"end":{"line":47,"column":3}},"19":{"start":{"line":32,"column":2},"end":{"line":46,"column":5}},"20":{"start":{"line":50,"column":0},"end":{"line":69,"column":5}},"21":{"start":{"line":53,"column":4},"end":{"line":53,"column":42}},"22":{"start":{"line":56,"column":4},"end":{"line":65,"column":7}},"23":{"start":{"line":57,"column":6},"end":{"line":57,"column":58}},"24":{"start":{"line":58,"column":6},"end":{"line":58,"column":57}},"25":{"start":{"line":59,"column":6},"end":{"line":59,"column":47}},"26":{"start":{"line":60,"column":6},"end":{"line":60,"column":59}},"27":{"start":{"line":61,"column":6},"end":{"line":61,"column":54}},"28":{"start":{"line":62,"column":6},"end":{"line":62,"column":75}},"29":{"start":{"line":63,"column":6},"end":{"line":63,"column":80}},"30":{"start":{"line":64,"column":6},"end":{"line":64,"column":79}},"31":{"start":{"line":68,"column":4},"end":{"line":68,"column":59}},"32":{"start":{"line":72,"column":0},"end":{"line":78,"column":3}},"33":{"start":{"line":73,"column":2},"end":{"line":73,"column":27}},"34":{"start":{"line":74,"column":2},"end":{"line":77,"column":5}},"35":{"start":{"line":81,"column":0},"end":{"line":86,"column":3}},"36":{"start":{"line":82,"column":2},"end":{"line":85,"column":5}},"37":{"start":{"line":88,"column":0},"end":{"line":88,"column":21}}},"fnMap":{"0":{"name":"(anonymous_0)","decl":{"start":{"line":31,"column":13},"end":{"line":31,"column":14}},"loc":{"start":{"line":31,"column":27},"end":{"line":47,"column":1}},"line":31},"1":{"name":"(anonymous_1)","decl":{"start":{"line":52,"column":8},"end":{"line":52,"column":9}},"loc":{"start":{"line":52,"column":14},"end":{"line":66,"column":3}},"line":52},"2":{"name":"(anonymous_2)","decl":{"start":{"line":56,"column":21},"end":{"line":56,"column":22}},"loc":{"start":{"line":56,"column":27},"end":{"line":65,"column":5}},"line":56},"3":{"name":"(anonymous_3)","decl":{"start":{"line":67,"column":9},"end":{"line":67,"column":10}},"loc":{"start":{"line":67,"column":20},"end":{"line":69,"column":3}},"line":67},"4":{"name":"(anonymous_4)","decl":{"start":{"line":72,"column":8},"end":{"line":72,"column":9}},"loc":{"start":{"line":72,"column":33},"end":{"line":78,"column":1}},"line":72},"5":{"name":"(anonymous_5)","decl":{"start":{"line":81,"column":13},"end":{"line":81,"column":14}},"loc":{"start":{"line":81,"column":27},"end":{"line":86,"column":1}},"line":81}},"branchMap":{"0":{"loc":{"start":{"line":7,"column":13},"end":{"line":7,"column":37}},"type":"binary-expr","locations":[{"start":{"line":7,"column":13},"end":{"line":7,"column":29}},{"start":{"line":7,"column":33},"end":{"line":7,"column":37}}],"line":7},"1":{"loc":{"start":{"line":9,"column":2},"end":{"line":9,"column":72}},"type":"binary-expr","locations":[{"start":{"line":9,"column":2},"end":{"line":9,"column":25}},{"start":{"line":9,"column":29},"end":{"line":9,"column":72}}],"line":9}},"s":{"0":1,"1":1,"2":1,"3":1,"4":1,"5":1,"6":1,"7":1,"8":1,"9":1,"10":1,"11":1,"12":1,"13":1,"14":1,"15":1,"16":1,"17":1,"18":1,"19":0,"20":1,"21":1,"22":1,"23":1,"24":1,"25":1,"26":1,"27":1,"28":1,"29":1,"30":1,"31":0,"32":1,"33":0,"34":0,"35":1,"36":0,"37":1},"f":{"0":0,"1":1,"2":1,"3":0,"4":0,"5":0},"b":{"0":[1,1],"1":[1,1]},"_coverageSchema":"1a1c01bbd47fc00a2c39e90264f33305004495a9","hash":"0c81d5b0040a143d348cf29e4f4d19ec33fe601e"}
,"C:\\Backend III\\src\\config\\swagger.js": {"path":"C:\\Backend III\\src\\config\\swagger.js","statementMap":{"0":{"start":{"line":1,"column":21},"end":{"line":1,"column":45}},"1":{"start":{"line":3,"column":26},"end":{"line":126,"column":1}},"2":{"start":{"line":128,"column":16},"end":{"line":131,"column":1}},"3":{"start":{"line":133,"column":20},"end":{"line":133,"column":41}},"4":{"start":{"line":135,"column":0},"end":{"line":135,"column":29}}},"fnMap":{},"branchMap":{},"s":{"0":1,"1":1,"2":1,"3":1,"4":1},"f":{},"b":{},"_coverageSchema":"1a1c01bbd47fc00a2c39e90264f33305004495a9","hash":"09972eacd0ccc503c088b56b2b0161585f3c437d"}
,"C:\\Backend III\\src\\models\\Pet.js": {"path":"C:\\Backend III\\src\\models\\Pet.js","statementMap":{"0":{"start":{"line":1,"column":17},"end":{"line":1,"column":36}},"1":{"start":{"line":3,"column":18},"end":{"line":34,"column":1}},"2":{"start":{"line":36,"column":0},"end":{"line":36,"column":50}}},"fnMap":{},"branchMap":{},"s":{"0":1,"1":1,"2":1},"f":{},"b":{},"_coverageSchema":"1a1c01bbd47fc00a2c39e90264f33305004495a9","hash":"e13830c8252cce913d260a9266e2968594805a2d"}
,"C:\\Backend III\\src\\models\\User.js": {"path":"C:\\Backend III\\src\\models\\User.js","statementMap":{"0":{"start":{"line":1,"column":17},"end":{"line":1,"column":36}},"1":{"start":{"line":3,"column":19},"end":{"line":37,"column":1}},"2":{"start":{"line":39,"column":0},"end":{"line":39,"column":52}}},"fnMap":{},"branchMap":{},"s":{"0":1,"1":1,"2":1},"f":{},"b":{},"_coverageSchema":"1a1c01bbd47fc00a2c39e90264f33305004495a9","hash":"d861a8f4227a8555a6063fd9ac649a7a1cd12214"}
,"C:\\Backend III\\src\\routes\\adoption.router.js": {"path":"C:\\Backend III\\src\\routes\\adoption.router.js","statementMap":{"0":{"start":{"line":1,"column":16},"end":{"line":1,"column":34}},"1":{"start":{"line":2,"column":15},"end":{"line":2,"column":31}},"2":{"start":{"line":3,"column":21},"end":{"line":3,"column":57}},"3":{"start":{"line":4,"column":20},"end":{"line":4,"column":55}},"4":{"start":{"line":5,"column":17},"end":{"line":5,"column":36}},"5":{"start":{"line":8,"column":0},"end":{"line":24,"column":3}},"6":{"start":{"line":9,"column":2},"end":{"line":23,"column":3}},"7":{"start":{"line":11,"column":24},"end":{"line":11,"column":51}},"8":{"start":{"line":12,"column":22},"end":{"line":12,"column":73}},"9":{"start":{"line":12,"column":48},"end":{"line":12,"column":72}},"10":{"start":{"line":14,"column":4},"end":{"line":17,"column":7}},"11":{"start":{"line":19,"column":4},"end":{"line":22,"column":7}},"12":{"start":{"line":27,"column":0},"end":{"line":57,"column":3}},"13":{"start":{"line":28,"column":2},"end":{"line":56,"column":3}},"14":{"start":{"line":29,"column":20},"end":{"line":29,"column":30}},"15":{"start":{"line":31,"column":4},"end":{"line":36,"column":5}},"16":{"start":{"line":32,"column":6},"end":{"line":35,"column":9}},"17":{"start":{"line":38,"column":21},"end":{"line":38,"column":54}},"18":{"start":{"line":40,"column":4},"end":{"line":45,"column":5}},"19":{"start":{"line":41,"column":6},"end":{"line":44,"column":9}},"20":{"start":{"line":47,"column":4},"end":{"line":50,"column":7}},"21":{"start":{"line":52,"column":4},"end":{"line":55,"column":7}},"22":{"start":{"line":60,"column":0},"end":{"line":123,"column":3}},"23":{"start":{"line":61,"column":2},"end":{"line":122,"column":3}},"24":{"start":{"line":62,"column":25},"end":{"line":62,"column":35}},"25":{"start":{"line":65,"column":4},"end":{"line":70,"column":5}},"26":{"start":{"line":66,"column":6},"end":{"line":69,"column":9}},"27":{"start":{"line":73,"column":17},"end":{"line":73,"column":52}},"28":{"start":{"line":74,"column":4},"end":{"line":79,"column":5}},"29":{"start":{"line":75,"column":6},"end":{"line":78,"column":9}},"30":{"start":{"line":82,"column":16},"end":{"line":82,"column":49}},"31":{"start":{"line":83,"column":4},"end":{"line":88,"column":5}},"32":{"start":{"line":84,"column":6},"end":{"line":87,"column":9}},"33":{"start":{"line":91,"column":4},"end":{"line":96,"column":5}},"34":{"start":{"line":92,"column":6},"end":{"line":95,"column":9}},"35":{"start":{"line":99,"column":23},"end":{"line":102,"column":6}},"36":{"start":{"line":105,"column":24},"end":{"line":107,"column":6}},"37":{"start":{"line":109,"column":4},"end":{"line":116,"column":7}},"38":{"start":{"line":118,"column":4},"end":{"line":121,"column":7}},"39":{"start":{"line":126,"column":0},"end":{"line":191,"column":3}},"40":{"start":{"line":127,"column":2},"end":{"line":190,"column":3}},"41":{"start":{"line":128,"column":25},"end":{"line":128,"column":35}},"42":{"start":{"line":131,"column":4},"end":{"line":136,"column":5}},"43":{"start":{"line":132,"column":6},"end":{"line":135,"column":9}},"44":{"start":{"line":139,"column":17},"end":{"line":139,"column":52}},"45":{"start":{"line":140,"column":4},"end":{"line":145,"column":5}},"46":{"start":{"line":141,"column":6},"end":{"line":144,"column":9}},"47":{"start":{"line":148,"column":16},"end":{"line":148,"column":49}},"48":{"start":{"line":149,"column":4},"end":{"line":154,"column":5}},"49":{"start":{"line":150,"column":6},"end":{"line":153,"column":9}},"50":{"start":{"line":157,"column":23},"end":{"line":157,"column":118}},"51":{"start":{"line":159,"column":4},"end":{"line":164,"column":5}},"52":{"start":{"line":160,"column":6},"end":{"line":163,"column":9}},"53":{"start":{"line":167,"column":23},"end":{"line":170,"column":6}},"54":{"start":{"line":173,"column":24},"end":{"line":175,"column":6}},"55":{"start":{"line":177,"column":4},"end":{"line":184,"column":7}},"56":{"start":{"line":186,"column":4},"end":{"line":189,"column":7}},"57":{"start":{"line":194,"column":0},"end":{"line":232,"column":3}},"58":{"start":{"line":195,"column":2},"end":{"line":231,"column":3}},"59":{"start":{"line":196,"column":20},"end":{"line":196,"column":30}},"60":{"start":{"line":198,"column":4},"end":{"line":203,"column":5}},"61":{"start":{"line":199,"column":6},"end":{"line":202,"column":9}},"62":{"start":{"line":205,"column":17},"end":{"line":205,"column":52}},"63":{"start":{"line":206,"column":4},"end":{"line":211,"column":5}},"64":{"start":{"line":207,"column":6},"end":{"line":210,"column":9}},"65":{"start":{"line":214,"column":21},"end":{"line":214,"column":23}},"66":{"start":{"line":215,"column":4},"end":{"line":220,"column":5}},"67":{"start":{"line":216,"column":18},"end":{"line":216,"column":53}},"68":{"start":{"line":217,"column":6},"end":{"line":219,"column":7}},"69":{"start":{"line":218,"column":8},"end":{"line":218,"column":27}},"70":{"start":{"line":222,"column":4},"end":{"line":225,"column":7}},"71":{"start":{"line":227,"column":4},"end":{"line":230,"column":7}},"72":{"start":{"line":234,"column":0},"end":{"line":234,"column":24}}},"fnMap":{"0":{"name":"(anonymous_0)","decl":{"start":{"line":8,"column":16},"end":{"line":8,"column":17}},"loc":{"start":{"line":8,"column":36},"end":{"line":24,"column":1}},"line":8},"1":{"name":"(anonymous_1)","decl":{"start":{"line":12,"column":41},"end":{"line":12,"column":42}},"loc":{"start":{"line":12,"column":48},"end":{"line":12,"column":72}},"line":12},"2":{"name":"(anonymous_2)","decl":{"start":{"line":27,"column":20},"end":{"line":27,"column":21}},"loc":{"start":{"line":27,"column":40},"end":{"line":57,"column":1}},"line":27},"3":{"name":"(anonymous_3)","decl":{"start":{"line":60,"column":26},"end":{"line":60,"column":27}},"loc":{"start":{"line":60,"column":46},"end":{"line":123,"column":1}},"line":60},"4":{"name":"(anonymous_4)","decl":{"start":{"line":126,"column":28},"end":{"line":126,"column":29}},"loc":{"start":{"line":126,"column":48},"end":{"line":191,"column":1}},"line":126},"5":{"name":"(anonymous_5)","decl":{"start":{"line":194,"column":25},"end":{"line":194,"column":26}},"loc":{"start":{"line":194,"column":45},"end":{"line":232,"column":1}},"line":194}},"branchMap":{"0":{"loc":{"start":{"line":12,"column":48},"end":{"line":12,"column":72}},"type":"binary-expr","locations":[{"start":{"line":12,"column":48},"end":{"line":12,"column":59}},{"start":{"line":12,"column":63},"end":{"line":12,"column":72}}],"line":12},"1":{"loc":{"start":{"line":31,"column":4},"end":{"line":36,"column":5}},"type":"if","locations":[{"start":{"line":31,"column":4},"end":{"line":36,"column":5}},{"start":{},"end":{}}],"line":31},"2":{"loc":{"start":{"line":40,"column":4},"end":{"line":45,"column":5}},"type":"if","locations":[{"start":{"line":40,"column":4},"end":{"line":45,"column":5}},{"start":{},"end":{}}],"line":40},"3":{"loc":{"start":{"line":40,"column":8},"end":{"line":40,"column":38}},"type":"binary-expr","locations":[{"start":{"line":40,"column":8},"end":{"line":40,"column":17}},{"start":{"line":40,"column":21},"end":{"line":40,"column":38}}],"line":40},"4":{"loc":{"start":{"line":65,"column":4},"end":{"line":70,"column":5}},"type":"if","locations":[{"start":{"line":65,"column":4},"end":{"line":70,"column":5}},{"start":{},"end":{}}],"line":65},"5":{"loc":{"start":{"line":65,"column":8},"end":{"line":65,"column":86}},"type":"binary-expr","locations":[{"start":{"line":65,"column":8},"end":{"line":65,"column":45}},{"start":{"line":65,"column":49},"end":{"line":65,"column":86}}],"line":65},"6":{"loc":{"start":{"line":74,"column":4},"end":{"line":79,"column":5}},"type":"if","locations":[{"start":{"line":74,"column":4},"end":{"line":79,"column":5}},{"start":{},"end":{}}],"line":74},"7":{"loc":{"start":{"line":83,"column":4},"end":{"line":88,"column":5}},"type":"if","locations":[{"start":{"line":83,"column":4},"end":{"line":88,"column":5}},{"start":{},"end":{}}],"line":83},"8":{"loc":{"start":{"line":91,"column":4},"end":{"line":96,"column":5}},"type":"if","locations":[{"start":{"line":91,"column":4},"end":{"line":96,"column":5}},{"start":{},"end":{}}],"line":91},"9":{"loc":{"start":{"line":131,"column":4},"end":{"line":136,"column":5}},"type":"if","locations":[{"start":{"line":131,"column":4},"end":{"line":136,"column":5}},{"start":{},"end":{}}],"line":131},"10":{"loc":{"start":{"line":131,"column":8},"end":{"line":131,"column":86}},"type":"binary-expr","locations":[{"start":{"line":131,"column":8},"end":{"line":131,"column":45}},{"start":{"line":131,"column":49},"end":{"line":131,"column":86}}],"line":131},"11":{"loc":{"start":{"line":140,"column":4},"end":{"line":145,"column":5}},"type":"if","locations":[{"start":{"line":140,"column":4},"end":{"line":145,"column":5}},{"start":{},"end":{}}],"line":140},"12":{"loc":{"start":{"line":149,"column":4},"end":{"line":154,"column":5}},"type":"if","locations":[{"start":{"line":149,"column":4},"end":{"line":154,"column":5}},{"start":{},"end":{}}],"line":149},"13":{"loc":{"start":{"line":157,"column":23},"end":{"line":157,"column":118}},"type":"cond-expr","locations":[{"start":{"line":157,"column":52},"end":{"line":157,"column":76}},{"start":{"line":157,"column":79},"end":{"line":157,"column":118}}],"line":157},"14":{"loc":{"start":{"line":157,"column":23},"end":{"line":157,"column":49}},"type":"binary-expr","locations":[{"start":{"line":157,"column":23},"end":{"line":157,"column":32}},{"start":{"line":157,"column":36},"end":{"line":157,"column":49}}],"line":157},"15":{"loc":{"start":{"line":157,"column":79},"end":{"line":157,"column":118}},"type":"cond-expr","locations":[{"start":{"line":157,"column":91},"end":{"line":157,"column":111}},{"start":{"line":157,"column":114},"end":{"line":157,"column":118}}],"line":157},"16":{"loc":{"start":{"line":159,"column":4},"end":{"line":164,"column":5}},"type":"if","locations":[{"start":{"line":159,"column":4},"end":{"line":164,"column":5}},{"start":{},"end":{}}],"line":159},"17":{"loc":{"start":{"line":159,"column":8},"end":{"line":159,"column":56}},"type":"binary-expr","locations":[{"start":{"line":159,"column":8},"end":{"line":159,"column":20}},{"start":{"line":159,"column":24},"end":{"line":159,"column":34}},{"start":{"line":159,"column":38},"end":{"line":159,"column":56}}],"line":159},"18":{"loc":{"start":{"line":198,"column":4},"end":{"line":203,"column":5}},"type":"if","locations":[{"start":{"line":198,"column":4},"end":{"line":203,"column":5}},{"start":{},"end":{}}],"line":198},"19":{"loc":{"start":{"line":206,"column":4},"end":{"line":211,"column":5}},"type":"if","locations":[{"start":{"line":206,"column":4},"end":{"line":211,"column":5}},{"start":{},"end":{}}],"line":206},"20":{"loc":{"start":{"line":217,"column":6},"end":{"line":219,"column":7}},"type":"if","locations":[{"start":{"line":217,"column":6},"end":{"line":219,"column":7}},{"start":{},"end":{}}],"line":217},"21":{"loc":{"start":{"line":217,"column":10},"end":{"line":217,"column":28}},"type":"binary-expr","locations":[{"start":{"line":217,"column":10},"end":{"line":217,"column":13}},{"start":{"line":217,"column":17},"end":{"line":217,"column":28}}],"line":217}},"s":{"0":1,"1":1,"2":1,"3":1,"4":1,"5":1,"6":2,"7":2,"8":2,"9":4,"10":2,"11":0,"12":1,"13":4,"14":4,"15":4,"16":1,"17":3,"18":3,"19":2,"20":1,"21":0,"22":1,"23":16,"24":16,"25":16,"26":2,"27":14,"28":14,"29":1,"30":13,"31":13,"32":1,"33":12,"34":1,"35":11,"36":11,"37":11,"38":0,"39":1,"40":6,"41":6,"42":6,"43":2,"44":4,"45":4,"46":1,"47":3,"48":3,"49":1,"50":2,"51":2,"52":1,"53":1,"54":1,"55":1,"56":0,"57":1,"58":4,"59":4,"60":4,"61":1,"62":3,"63":3,"64":1,"65":2,"66":2,"67":1,"68":1,"69":1,"70":2,"71":0,"72":1},"f":{"0":2,"1":4,"2":4,"3":16,"4":6,"5":4},"b":{"0":[4,2],"1":[1,3],"2":[2,1],"3":[3,2],"4":[2,14],"5":[16,15],"6":[1,13],"7":[1,12],"8":[1,11],"9":[2,4],"10":[6,5],"11":[1,3],"12":[1,2],"13":[2,0],"14":[2,2],"15":[0,0],"16":[1,1],"17":[2,2,2],"18":[1,3],"19":[1,2],"20":[1,0],"21":[1,1]},"_coverageSchema":"1a1c01bbd47fc00a2c39e90264f33305004495a9","hash":"342237f55dd0976a59a6cfe2d0a1a4acb17af2da"}
,"C:\\Backend III\\src\\routes\\mocks.router.js": {"path":"C:\\Backend III\\src\\routes\\mocks.router.js","statementMap":{"0":{"start":{"line":1,"column":16},"end":{"line":1,"column":34}},"1":{"start":{"line":2,"column":15},"end":{"line":2,"column":31}},"2":{"start":{"line":3,"column":23},"end":{"line":3,"column":50}},"3":{"start":{"line":4,"column":21},"end":{"line":4,"column":57}},"4":{"start":{"line":5,"column":20},"end":{"line":5,"column":55}},"5":{"start":{"line":8,"column":0},"end":{"line":21,"column":3}},"6":{"start":{"line":9,"column":2},"end":{"line":20,"column":3}},"7":{"start":{"line":10,"column":21},"end":{"line":10,"column":57}},"8":{"start":{"line":11,"column":4},"end":{"line":14,"column":7}},"9":{"start":{"line":16,"column":4},"end":{"line":19,"column":7}},"10":{"start":{"line":24,"column":0},"end":{"line":37,"column":3}},"11":{"start":{"line":25,"column":2},"end":{"line":36,"column":3}},"12":{"start":{"line":26,"column":22},"end":{"line":26,"column":58}},"13":{"start":{"line":27,"column":4},"end":{"line":30,"column":7}},"14":{"start":{"line":32,"column":4},"end":{"line":35,"column":7}},"15":{"start":{"line":40,"column":0},"end":{"line":92,"column":3}},"16":{"start":{"line":41,"column":2},"end":{"line":91,"column":3}},"17":{"start":{"line":42,"column":36},"end":{"line":42,"column":44}},"18":{"start":{"line":45,"column":4},"end":{"line":56,"column":5}},"19":{"start":{"line":51,"column":6},"end":{"line":55,"column":9}},"20":{"start":{"line":58,"column":20},"end":{"line":63,"column":5}},"21":{"start":{"line":66,"column":4},"end":{"line":71,"column":5}},"22":{"start":{"line":67,"column":24},"end":{"line":67,"column":63}},"23":{"start":{"line":68,"column":27},"end":{"line":68,"column":68}},"24":{"start":{"line":69,"column":6},"end":{"line":69,"column":49}},"25":{"start":{"line":70,"column":6},"end":{"line":70,"column":35}},"26":{"start":{"line":74,"column":4},"end":{"line":79,"column":5}},"27":{"start":{"line":75,"column":23},"end":{"line":75,"column":60}},"28":{"start":{"line":76,"column":26},"end":{"line":76,"column":64}},"29":{"start":{"line":77,"column":6},"end":{"line":77,"column":47}},"30":{"start":{"line":78,"column":6},"end":{"line":78,"column":33}},"31":{"start":{"line":81,"column":4},"end":{"line":85,"column":7}},"32":{"start":{"line":87,"column":4},"end":{"line":90,"column":7}},"33":{"start":{"line":94,"column":0},"end":{"line":94,"column":24}}},"fnMap":{"0":{"name":"(anonymous_0)","decl":{"start":{"line":8,"column":27},"end":{"line":8,"column":28}},"loc":{"start":{"line":8,"column":47},"end":{"line":21,"column":1}},"line":8},"1":{"name":"(anonymous_1)","decl":{"start":{"line":24,"column":28},"end":{"line":24,"column":29}},"loc":{"start":{"line":24,"column":48},"end":{"line":37,"column":1}},"line":24},"2":{"name":"(anonymous_2)","decl":{"start":{"line":40,"column":29},"end":{"line":40,"column":30}},"loc":{"start":{"line":40,"column":49},"end":{"line":92,"column":1}},"line":40}},"branchMap":{"0":{"loc":{"start":{"line":42,"column":12},"end":{"line":42,"column":21}},"type":"default-arg","locations":[{"start":{"line":42,"column":20},"end":{"line":42,"column":21}}],"line":42},"1":{"loc":{"start":{"line":42,"column":23},"end":{"line":42,"column":31}},"type":"default-arg","locations":[{"start":{"line":42,"column":30},"end":{"line":42,"column":31}}],"line":42},"2":{"loc":{"start":{"line":45,"column":4},"end":{"line":56,"column":5}},"type":"if","locations":[{"start":{"line":45,"column":4},"end":{"line":56,"column":5}},{"start":{},"end":{}}],"line":45},"3":{"loc":{"start":{"line":46,"column":6},"end":{"line":49,"column":14}},"type":"binary-expr","locations":[{"start":{"line":46,"column":6},"end":{"line":46,"column":30}},{"start":{"line":47,"column":6},"end":{"line":47,"column":29}},{"start":{"line":48,"column":6},"end":{"line":48,"column":15}},{"start":{"line":49,"column":6},"end":{"line":49,"column":14}}],"line":46},"4":{"loc":{"start":{"line":66,"column":4},"end":{"line":71,"column":5}},"type":"if","locations":[{"start":{"line":66,"column":4},"end":{"line":71,"column":5}},{"start":{},"end":{}}],"line":66},"5":{"loc":{"start":{"line":74,"column":4},"end":{"line":79,"column":5}},"type":"if","locations":[{"start":{"line":74,"column":4},"end":{"line":79,"column":5}},{"start":{},"end":{}}],"line":74}},"s":{"0":1,"1":1,"2":1,"3":1,"4":1,"5":1,"6":0,"7":0,"8":0,"9":0,"10":1,"11":0,"12":0,"13":0,"14":0,"15":1,"16":0,"17":0,"18":0,"19":0,"20":0,"21":0,"22":0,"23":0,"24":0,"25":0,"26":0,"27":0,"28":0,"29":0,"30":0,"31":0,"32":0,"33":1},"f":{"0":0,"1":0,"2":0},"b":{"0":[0],"1":[0],"2":[0,0],"3":[0,0,0,0],"4":[0,0],"5":[0,0]},"_coverageSchema":"1a1c01bbd47fc00a2c39e90264f33305004495a9","hash":"7094c221928cd2d47a4f89957d2e8a5756e4641b"}
,"C:\\Backend III\\src\\routes\\pets.router.js": {"path":"C:\\Backend III\\src\\routes\\pets.router.js","statementMap":{"0":{"start":{"line":1,"column":16},"end":{"line":1,"column":34}},"1":{"start":{"line":2,"column":15},"end":{"line":2,"column":31}},"2":{"start":{"line":3,"column":20},"end":{"line":3,"column":55}},"3":{"start":{"line":6,"column":0},"end":{"line":19,"column":3}},"4":{"start":{"line":7,"column":2},"end":{"line":18,"column":3}},"5":{"start":{"line":8,"column":17},"end":{"line":8,"column":44}},"6":{"start":{"line":9,"column":4},"end":{"line":12,"column":7}},"7":{"start":{"line":14,"column":4},"end":{"line":17,"column":7}},"8":{"start":{"line":22,"column":0},"end":{"line":44,"column":3}},"9":{"start":{"line":23,"column":2},"end":{"line":43,"column":3}},"10":{"start":{"line":24,"column":20},"end":{"line":24,"column":30}},"11":{"start":{"line":25,"column":16},"end":{"line":25,"column":49}},"12":{"start":{"line":27,"column":4},"end":{"line":32,"column":5}},"13":{"start":{"line":28,"column":6},"end":{"line":31,"column":9}},"14":{"start":{"line":34,"column":4},"end":{"line":37,"column":7}},"15":{"start":{"line":39,"column":4},"end":{"line":42,"column":7}},"16":{"start":{"line":47,"column":0},"end":{"line":60,"column":3}},"17":{"start":{"line":48,"column":2},"end":{"line":59,"column":3}},"18":{"start":{"line":49,"column":16},"end":{"line":49,"column":53}},"19":{"start":{"line":50,"column":4},"end":{"line":53,"column":7}},"20":{"start":{"line":55,"column":4},"end":{"line":58,"column":7}},"21":{"start":{"line":63,"column":0},"end":{"line":85,"column":3}},"22":{"start":{"line":64,"column":2},"end":{"line":84,"column":3}},"23":{"start":{"line":65,"column":20},"end":{"line":65,"column":30}},"24":{"start":{"line":66,"column":16},"end":{"line":66,"column":58}},"25":{"start":{"line":68,"column":4},"end":{"line":73,"column":5}},"26":{"start":{"line":69,"column":6},"end":{"line":72,"column":9}},"27":{"start":{"line":75,"column":4},"end":{"line":78,"column":7}},"28":{"start":{"line":80,"column":4},"end":{"line":83,"column":7}},"29":{"start":{"line":88,"column":0},"end":{"line":102,"column":3}},"30":{"start":{"line":89,"column":2},"end":{"line":101,"column":3}},"31":{"start":{"line":90,"column":20},"end":{"line":90,"column":30}},"32":{"start":{"line":91,"column":19},"end":{"line":91,"column":51}},"33":{"start":{"line":92,"column":4},"end":{"line":95,"column":7}},"34":{"start":{"line":97,"column":4},"end":{"line":100,"column":7}},"35":{"start":{"line":104,"column":0},"end":{"line":104,"column":24}}},"fnMap":{"0":{"name":"(anonymous_0)","decl":{"start":{"line":6,"column":16},"end":{"line":6,"column":17}},"loc":{"start":{"line":6,"column":36},"end":{"line":19,"column":1}},"line":6},"1":{"name":"(anonymous_1)","decl":{"start":{"line":22,"column":20},"end":{"line":22,"column":21}},"loc":{"start":{"line":22,"column":40},"end":{"line":44,"column":1}},"line":22},"2":{"name":"(anonymous_2)","decl":{"start":{"line":47,"column":17},"end":{"line":47,"column":18}},"loc":{"start":{"line":47,"column":37},"end":{"line":60,"column":1}},"line":47},"3":{"name":"(anonymous_3)","decl":{"start":{"line":63,"column":20},"end":{"line":63,"column":21}},"loc":{"start":{"line":63,"column":40},"end":{"line":85,"column":1}},"line":63},"4":{"name":"(anonymous_4)","decl":{"start":{"line":88,"column":23},"end":{"line":88,"column":24}},"loc":{"start":{"line":88,"column":43},"end":{"line":102,"column":1}},"line":88}},"branchMap":{"0":{"loc":{"start":{"line":27,"column":4},"end":{"line":32,"column":5}},"type":"if","locations":[{"start":{"line":27,"column":4},"end":{"line":32,"column":5}},{"start":{},"end":{}}],"line":27},"1":{"loc":{"start":{"line":68,"column":4},"end":{"line":73,"column":5}},"type":"if","locations":[{"start":{"line":68,"column":4},"end":{"line":73,"column":5}},{"start":{},"end":{}}],"line":68}},"s":{"0":1,"1":1,"2":1,"3":1,"4":0,"5":0,"6":0,"7":0,"8":1,"9":0,"10":0,"11":0,"12":0,"13":0,"14":0,"15":0,"16":1,"17":46,"18":46,"19":46,"20":0,"21":1,"22":0,"23":0,"24":0,"25":0,"26":0,"27":0,"28":0,"29":1,"30":0,"31":0,"32":0,"33":0,"34":0,"35":1},"f":{"0":0,"1":0,"2":46,"3":0,"4":0},"b":{"0":[0,0],"1":[0,0]},"_coverageSchema":"1a1c01bbd47fc00a2c39e90264f33305004495a9","hash":"2316579b7b3c5f972a04ad99596f24ca1ca5877d"}
,"C:\\Backend III\\src\\routes\\users.router.js": {"path":"C:\\Backend III\\src\\routes\\users.router.js","statementMap":{"0":{"start":{"line":1,"column":16},"end":{"line":1,"column":34}},"1":{"start":{"line":2,"column":15},"end":{"line":2,"column":31}},"2":{"start":{"line":3,"column":21},"end":{"line":3,"column":57}},"3":{"start":{"line":40,"column":0},"end":{"line":53,"column":3}},"4":{"start":{"line":41,"column":2},"end":{"line":52,"column":3}},"5":{"start":{"line":42,"column":18},"end":{"line":42,"column":47}},"6":{"start":{"line":43,"column":4},"end":{"line":46,"column":7}},"7":{"start":{"line":48,"column":4},"end":{"line":51,"column":7}},"8":{"start":{"line":94,"column":0},"end":{"line":116,"column":3}},"9":{"start":{"line":95,"column":2},"end":{"line":115,"column":3}},"10":{"start":{"line":96,"column":20},"end":{"line":96,"column":30}},"11":{"start":{"line":97,"column":17},"end":{"line":97,"column":52}},"12":{"start":{"line":99,"column":4},"end":{"line":104,"column":5}},"13":{"start":{"line":100,"column":6},"end":{"line":103,"column":9}},"14":{"start":{"line":106,"column":4},"end":{"line":109,"column":7}},"15":{"start":{"line":111,"column":4},"end":{"line":114,"column":7}},"16":{"start":{"line":173,"column":0},"end":{"line":186,"column":3}},"17":{"start":{"line":174,"column":2},"end":{"line":185,"column":3}},"18":{"start":{"line":175,"column":17},"end":{"line":175,"column":56}},"19":{"start":{"line":176,"column":4},"end":{"line":179,"column":7}},"20":{"start":{"line":181,"column":4},"end":{"line":184,"column":7}},"21":{"start":{"line":244,"column":0},"end":{"line":266,"column":3}},"22":{"start":{"line":245,"column":2},"end":{"line":265,"column":3}},"23":{"start":{"line":246,"column":20},"end":{"line":246,"column":30}},"24":{"start":{"line":247,"column":17},"end":{"line":247,"column":61}},"25":{"start":{"line":249,"column":4},"end":{"line":254,"column":5}},"26":{"start":{"line":250,"column":6},"end":{"line":253,"column":9}},"27":{"start":{"line":256,"column":4},"end":{"line":259,"column":7}},"28":{"start":{"line":261,"column":4},"end":{"line":264,"column":7}},"29":{"start":{"line":302,"column":0},"end":{"line":316,"column":3}},"30":{"start":{"line":303,"column":2},"end":{"line":315,"column":3}},"31":{"start":{"line":304,"column":20},"end":{"line":304,"column":30}},"32":{"start":{"line":305,"column":19},"end":{"line":305,"column":53}},"33":{"start":{"line":306,"column":4},"end":{"line":309,"column":7}},"34":{"start":{"line":311,"column":4},"end":{"line":314,"column":7}},"35":{"start":{"line":318,"column":0},"end":{"line":318,"column":24}}},"fnMap":{"0":{"name":"(anonymous_0)","decl":{"start":{"line":40,"column":16},"end":{"line":40,"column":17}},"loc":{"start":{"line":40,"column":36},"end":{"line":53,"column":1}},"line":40},"1":{"name":"(anonymous_1)","decl":{"start":{"line":94,"column":20},"end":{"line":94,"column":21}},"loc":{"start":{"line":94,"column":40},"end":{"line":116,"column":1}},"line":94},"2":{"name":"(anonymous_2)","decl":{"start":{"line":173,"column":17},"end":{"line":173,"column":18}},"loc":{"start":{"line":173,"column":37},"end":{"line":186,"column":1}},"line":173},"3":{"name":"(anonymous_3)","decl":{"start":{"line":244,"column":20},"end":{"line":244,"column":21}},"loc":{"start":{"line":244,"column":40},"end":{"line":266,"column":1}},"line":244},"4":{"name":"(anonymous_4)","decl":{"start":{"line":302,"column":23},"end":{"line":302,"column":24}},"loc":{"start":{"line":302,"column":43},"end":{"line":316,"column":1}},"line":302}},"branchMap":{"0":{"loc":{"start":{"line":99,"column":4},"end":{"line":104,"column":5}},"type":"if","locations":[{"start":{"line":99,"column":4},"end":{"line":104,"column":5}},{"start":{},"end":{}}],"line":99},"1":{"loc":{"start":{"line":249,"column":4},"end":{"line":254,"column":5}},"type":"if","locations":[{"start":{"line":249,"column":4},"end":{"line":254,"column":5}},{"start":{},"end":{}}],"line":249}},"s":{"0":1,"1":1,"2":1,"3":1,"4":0,"5":0,"6":0,"7":0,"8":1,"9":0,"10":0,"11":0,"12":0,"13":0,"14":0,"15":0,"16":1,"17":25,"18":25,"19":25,"20":0,"21":1,"22":0,"23":0,"24":0,"25":0,"26":0,"27":0,"28":0,"29":1,"30":0,"31":0,"32":0,"33":0,"34":0,"35":1},"f":{"0":0,"1":0,"2":25,"3":0,"4":0},"b":{"0":[0,0],"1":[0,0]},"_coverageSchema":"1a1c01bbd47fc00a2c39e90264f33305004495a9","hash":"381eb450a677e6b2664ac5269fbf80f8aeb871c1"}
,"C:\\Backend III\\src\\services\\pets.service.js": {"path":"C:\\Backend III\\src\\services\\pets.service.js","statementMap":{"0":{"start":{"line":1,"column":12},"end":{"line":1,"column":36}},"1":{"start":{"line":5,"column":4},"end":{"line":10,"column":5}},"2":{"start":{"line":6,"column":19},"end":{"line":6,"column":53}},"3":{"start":{"line":7,"column":6},"end":{"line":7,"column":18}},"4":{"start":{"line":9,"column":6},"end":{"line":9,"column":63}},"5":{"start":{"line":14,"column":4},"end":{"line":19,"column":5}},"6":{"start":{"line":15,"column":18},"end":{"line":15,"column":58}},"7":{"start":{"line":16,"column":6},"end":{"line":16,"column":17}},"8":{"start":{"line":18,"column":6},"end":{"line":18,"column":62}},"9":{"start":{"line":23,"column":4},"end":{"line":29,"column":5}},"10":{"start":{"line":24,"column":18},"end":{"line":24,"column":34}},"11":{"start":{"line":25,"column":6},"end":{"line":25,"column":23}},"12":{"start":{"line":26,"column":6},"end":{"line":26,"column":17}},"13":{"start":{"line":28,"column":6},"end":{"line":28,"column":61}},"14":{"start":{"line":33,"column":4},"end":{"line":38,"column":5}},"15":{"start":{"line":34,"column":19},"end":{"line":34,"column":49}},"16":{"start":{"line":35,"column":6},"end":{"line":35,"column":18}},"17":{"start":{"line":37,"column":6},"end":{"line":37,"column":62}},"18":{"start":{"line":42,"column":4},"end":{"line":47,"column":5}},"19":{"start":{"line":43,"column":18},"end":{"line":43,"column":73}},"20":{"start":{"line":44,"column":6},"end":{"line":44,"column":17}},"21":{"start":{"line":46,"column":6},"end":{"line":46,"column":65}},"22":{"start":{"line":51,"column":4},"end":{"line":56,"column":5}},"23":{"start":{"line":52,"column":6},"end":{"line":52,"column":38}},"24":{"start":{"line":53,"column":6},"end":{"line":53,"column":53}},"25":{"start":{"line":55,"column":6},"end":{"line":55,"column":63}},"26":{"start":{"line":60,"column":0},"end":{"line":60,"column":35}}},"fnMap":{"0":{"name":"(anonymous_0)","decl":{"start":{"line":4,"column":2},"end":{"line":4,"column":3}},"loc":{"start":{"line":4,"column":18},"end":{"line":11,"column":3}},"line":4},"1":{"name":"(anonymous_1)","decl":{"start":{"line":13,"column":2},"end":{"line":13,"column":3}},"loc":{"start":{"line":13,"column":23},"end":{"line":20,"column":3}},"line":13},"2":{"name":"(anonymous_2)","decl":{"start":{"line":22,"column":2},"end":{"line":22,"column":3}},"loc":{"start":{"line":22,"column":27},"end":{"line":30,"column":3}},"line":22},"3":{"name":"(anonymous_3)","decl":{"start":{"line":32,"column":2},"end":{"line":32,"column":3}},"loc":{"start":{"line":32,"column":29},"end":{"line":39,"column":3}},"line":32},"4":{"name":"(anonymous_4)","decl":{"start":{"line":41,"column":2},"end":{"line":41,"column":3}},"loc":{"start":{"line":41,"column":31},"end":{"line":48,"column":3}},"line":41},"5":{"name":"(anonymous_5)","decl":{"start":{"line":50,"column":2},"end":{"line":50,"column":3}},"loc":{"start":{"line":50,"column":22},"end":{"line":57,"column":3}},"line":50}},"branchMap":{},"s":{"0":1,"1":2,"2":2,"3":2,"4":0,"5":20,"6":20,"7":20,"8":0,"9":46,"10":46,"11":46,"12":46,"13":0,"14":0,"15":0,"16":0,"17":0,"18":12,"19":12,"20":12,"21":0,"22":0,"23":0,"24":0,"25":0,"26":1},"f":{"0":2,"1":20,"2":46,"3":0,"4":12,"5":0},"b":{},"_coverageSchema":"1a1c01bbd47fc00a2c39e90264f33305004495a9","hash":"94082bce9461e3bdd989125b8fdcf6c126984aad"}
,"C:\\Backend III\\src\\services\\users.service.js": {"path":"C:\\Backend III\\src\\services\\users.service.js","statementMap":{"0":{"start":{"line":1,"column":13},"end":{"line":1,"column":38}},"1":{"start":{"line":5,"column":4},"end":{"line":10,"column":5}},"2":{"start":{"line":6,"column":20},"end":{"line":6,"column":54}},"3":{"start":{"line":7,"column":6},"end":{"line":7,"column":19}},"4":{"start":{"line":9,"column":6},"end":{"line":9,"column":67}},"5":{"start":{"line":14,"column":4},"end":{"line":19,"column":5}},"6":{"start":{"line":15,"column":19},"end":{"line":15,"column":59}},"7":{"start":{"line":16,"column":6},"end":{"line":16,"column":18}},"8":{"start":{"line":18,"column":6},"end":{"line":18,"column":66}},"9":{"start":{"line":23,"column":4},"end":{"line":29,"column":5}},"10":{"start":{"line":24,"column":19},"end":{"line":24,"column":37}},"11":{"start":{"line":25,"column":6},"end":{"line":25,"column":24}},"12":{"start":{"line":26,"column":6},"end":{"line":26,"column":18}},"13":{"start":{"line":28,"column":6},"end":{"line":28,"column":65}},"14":{"start":{"line":33,"column":4},"end":{"line":38,"column":5}},"15":{"start":{"line":34,"column":20},"end":{"line":34,"column":52}},"16":{"start":{"line":35,"column":6},"end":{"line":35,"column":19}},"17":{"start":{"line":37,"column":6},"end":{"line":37,"column":66}},"18":{"start":{"line":42,"column":4},"end":{"line":47,"column":5}},"19":{"start":{"line":43,"column":19},"end":{"line":43,"column":93}},"20":{"start":{"line":44,"column":6},"end":{"line":44,"column":18}},"21":{"start":{"line":46,"column":6},"end":{"line":46,"column":69}},"22":{"start":{"line":51,"column":4},"end":{"line":56,"column":5}},"23":{"start":{"line":52,"column":6},"end":{"line":52,"column":39}},"24":{"start":{"line":53,"column":6},"end":{"line":53,"column":57}},"25":{"start":{"line":55,"column":6},"end":{"line":55,"column":67}},"26":{"start":{"line":60,"column":0},"end":{"line":60,"column":36}}},"fnMap":{"0":{"name":"(anonymous_0)","decl":{"start":{"line":4,"column":2},"end":{"line":4,"column":3}},"loc":{"start":{"line":4,"column":19},"end":{"line":11,"column":3}},"line":4},"1":{"name":"(anonymous_1)","decl":{"start":{"line":13,"column":2},"end":{"line":13,"column":3}},"loc":{"start":{"line":13,"column":24},"end":{"line":20,"column":3}},"line":13},"2":{"name":"(anonymous_2)","decl":{"start":{"line":22,"column":2},"end":{"line":22,"column":3}},"loc":{"start":{"line":22,"column":29},"end":{"line":30,"column":3}},"line":22},"3":{"name":"(anonymous_3)","decl":{"start":{"line":32,"column":2},"end":{"line":32,"column":3}},"loc":{"start":{"line":32,"column":31},"end":{"line":39,"column":3}},"line":32},"4":{"name":"(anonymous_4)","decl":{"start":{"line":41,"column":2},"end":{"line":41,"column":3}},"loc":{"start":{"line":41,"column":33},"end":{"line":48,"column":3}},"line":41},"5":{"name":"(anonymous_5)","decl":{"start":{"line":50,"column":2},"end":{"line":50,"column":3}},"loc":{"start":{"line":50,"column":23},"end":{"line":57,"column":3}},"line":50}},"branchMap":{},"s":{"0":1,"1":0,"2":0,"3":0,"4":0,"5":21,"6":21,"7":21,"8":0,"9":25,"10":25,"11":25,"12":25,"13":0,"14":0,"15":0,"16":0,"17":0,"18":12,"19":12,"20":12,"21":0,"22":0,"23":0,"24":0,"25":0,"26":1},"f":{"0":0,"1":21,"2":25,"3":0,"4":12,"5":0},"b":{},"_coverageSchema":"1a1c01bbd47fc00a2c39e90264f33305004495a9","hash":"634eb49eb38003be23b4d23bd0c54acf67e5a8b6"}
,"C:\\Backend III\\src\\utils\\mocking.js": {"path":"C:\\Backend III\\src\\utils\\mocking.js","statementMap":{"0":{"start":{"line":1,"column":18},"end":{"line":1,"column":44}},"1":{"start":{"line":6,"column":17},"end":{"line":6,"column":19}},"2":{"start":{"line":7,"column":20},"end":{"line":15,"column":5}},"3":{"start":{"line":17,"column":4},"end":{"line":27,"column":5}},"4":{"start":{"line":17,"column":17},"end":{"line":17,"column":18}},"5":{"start":{"line":18,"column":18},"end":{"line":25,"column":7}},"6":{"start":{"line":26,"column":6},"end":{"line":26,"column":21}},"7":{"start":{"line":29,"column":4},"end":{"line":29,"column":16}},"8":{"start":{"line":34,"column":18},"end":{"line":34,"column":20}},"9":{"start":{"line":36,"column":4},"end":{"line":47,"column":5}},"10":{"start":{"line":36,"column":17},"end":{"line":36,"column":18}},"11":{"start":{"line":37,"column":19},"end":{"line":45,"column":7}},"12":{"start":{"line":46,"column":6},"end":{"line":46,"column":23}},"13":{"start":{"line":49,"column":4},"end":{"line":49,"column":17}},"14":{"start":{"line":53,"column":0},"end":{"line":53,"column":38}}},"fnMap":{"0":{"name":"(anonymous_0)","decl":{"start":{"line":5,"column":2},"end":{"line":5,"column":3}},"loc":{"start":{"line":5,"column":32},"end":{"line":30,"column":3}},"line":5},"1":{"name":"(anonymous_1)","decl":{"start":{"line":33,"column":2},"end":{"line":33,"column":3}},"loc":{"start":{"line":33,"column":32},"end":{"line":50,"column":3}},"line":33}},"branchMap":{"0":{"loc":{"start":{"line":5,"column":19},"end":{"line":5,"column":30}},"type":"default-arg","locations":[{"start":{"line":5,"column":27},"end":{"line":5,"column":30}}],"line":5},"1":{"loc":{"start":{"line":33,"column":20},"end":{"line":33,"column":30}},"type":"default-arg","locations":[{"start":{"line":33,"column":28},"end":{"line":33,"column":30}}],"line":33}},"s":{"0":1,"1":0,"2":0,"3":0,"4":0,"5":0,"6":0,"7":0,"8":0,"9":0,"10":0,"11":0,"12":0,"13":0,"14":1},"f":{"0":0,"1":0},"b":{"0":[0],"1":[0]},"_coverageSchema":"1a1c01bbd47fc00a2c39e90264f33305004495a9","hash":"6e786a22878c52716b0b83a732a3e6e2b8c0d525"}
}
