TN:
SF:src\app.js
FN:31,(anonymous_0)
FN:52,(anonymous_1)
FN:56,(anonymous_2)
FN:67,(anonymous_3)
FN:72,(anonymous_4)
FN:81,(anonymous_5)
FNF:6
FNH:2
FNDA:0,(anonymous_0)
FNDA:1,(anonymous_1)
FNDA:1,(anonymous_2)
FNDA:0,(anonymous_3)
FNDA:0,(anonymous_4)
FNDA:0,(anonymous_5)
DA:1,1
DA:2,1
DA:3,1
DA:4,1
DA:6,1
DA:7,1
DA:9,1
DA:12,1
DA:13,1
DA:16,1
DA:17,1
DA:18,1
DA:19,1
DA:22,1
DA:25,1
DA:26,1
DA:27,1
DA:28,1
DA:31,1
DA:32,0
DA:50,1
DA:53,1
DA:56,1
DA:57,1
DA:58,1
DA:59,1
DA:60,1
DA:61,1
DA:62,1
DA:63,1
DA:64,1
DA:68,0
DA:72,1
DA:73,0
DA:74,0
DA:81,1
DA:82,0
DA:88,1
LF:38
LH:33
BRDA:7,0,0,1
BRDA:7,0,1,1
BRDA:9,1,0,1
BRDA:9,1,1,1
BRF:4
BRH:4
end_of_record
TN:
SF:src\config\swagger.js
FNF:0
FNH:0
DA:1,1
DA:3,1
DA:128,1
DA:133,1
DA:135,1
LF:5
LH:5
BRF:0
BRH:0
end_of_record
TN:
SF:src\models\Pet.js
FNF:0
FNH:0
DA:1,1
DA:3,1
DA:36,1
LF:3
LH:3
BRF:0
BRH:0
end_of_record
TN:
SF:src\models\User.js
FNF:0
FNH:0
DA:1,1
DA:3,1
DA:39,1
LF:3
LH:3
BRF:0
BRH:0
end_of_record
TN:
SF:src\routes\adoption.router.js
FN:8,(anonymous_0)
FN:12,(anonymous_1)
FN:27,(anonymous_2)
FN:60,(anonymous_3)
FN:126,(anonymous_4)
FN:194,(anonymous_5)
FNF:6
FNH:6
FNDA:2,(anonymous_0)
FNDA:4,(anonymous_1)
FNDA:4,(anonymous_2)
FNDA:16,(anonymous_3)
FNDA:6,(anonymous_4)
FNDA:4,(anonymous_5)
DA:1,1
DA:2,1
DA:3,1
DA:4,1
DA:5,1
DA:8,1
DA:9,2
DA:11,2
DA:12,4
DA:14,2
DA:19,0
DA:27,1
DA:28,4
DA:29,4
DA:31,4
DA:32,1
DA:38,3
DA:40,3
DA:41,2
DA:47,1
DA:52,0
DA:60,1
DA:61,16
DA:62,16
DA:65,16
DA:66,2
DA:73,14
DA:74,14
DA:75,1
DA:82,13
DA:83,13
DA:84,1
DA:91,12
DA:92,1
DA:99,11
DA:105,11
DA:109,11
DA:118,0
DA:126,1
DA:127,6
DA:128,6
DA:131,6
DA:132,2
DA:139,4
DA:140,4
DA:141,1
DA:148,3
DA:149,3
DA:150,1
DA:157,2
DA:159,2
DA:160,1
DA:167,1
DA:173,1
DA:177,1
DA:186,0
DA:194,1
DA:195,4
DA:196,4
DA:198,4
DA:199,1
DA:205,3
DA:206,3
DA:207,1
DA:214,2
DA:215,2
DA:216,1
DA:217,1
DA:218,1
DA:222,2
DA:227,0
DA:234,1
LF:72
LH:67
BRDA:12,0,0,4
BRDA:12,0,1,2
BRDA:31,1,0,1
BRDA:31,1,1,3
BRDA:40,2,0,2
BRDA:40,2,1,1
BRDA:40,3,0,3
BRDA:40,3,1,2
BRDA:65,4,0,2
BRDA:65,4,1,14
BRDA:65,5,0,16
BRDA:65,5,1,15
BRDA:74,6,0,1
BRDA:74,6,1,13
BRDA:83,7,0,1
BRDA:83,7,1,12
BRDA:91,8,0,1
BRDA:91,8,1,11
BRDA:131,9,0,2
BRDA:131,9,1,4
BRDA:131,10,0,6
BRDA:131,10,1,5
BRDA:140,11,0,1
BRDA:140,11,1,3
BRDA:149,12,0,1
BRDA:149,12,1,2
BRDA:157,13,0,2
BRDA:157,13,1,0
BRDA:157,14,0,2
BRDA:157,14,1,2
BRDA:157,15,0,0
BRDA:157,15,1,0
BRDA:159,16,0,1
BRDA:159,16,1,1
BRDA:159,17,0,2
BRDA:159,17,1,2
BRDA:159,17,2,2
BRDA:198,18,0,1
BRDA:198,18,1,3
BRDA:206,19,0,1
BRDA:206,19,1,2
BRDA:217,20,0,1
BRDA:217,20,1,0
BRDA:217,21,0,1
BRDA:217,21,1,1
BRF:45
BRH:41
end_of_record
TN:
SF:src\routes\mocks.router.js
FN:8,(anonymous_0)
FN:24,(anonymous_1)
FN:40,(anonymous_2)
FNF:3
FNH:0
FNDA:0,(anonymous_0)
FNDA:0,(anonymous_1)
FNDA:0,(anonymous_2)
DA:1,1
DA:2,1
DA:3,1
DA:4,1
DA:5,1
DA:8,1
DA:9,0
DA:10,0
DA:11,0
DA:16,0
DA:24,1
DA:25,0
DA:26,0
DA:27,0
DA:32,0
DA:40,1
DA:41,0
DA:42,0
DA:45,0
DA:51,0
DA:58,0
DA:66,0
DA:67,0
DA:68,0
DA:69,0
DA:70,0
DA:74,0
DA:75,0
DA:76,0
DA:77,0
DA:78,0
DA:81,0
DA:87,0
DA:94,1
LF:34
LH:9
BRDA:42,0,0,0
BRDA:42,1,0,0
BRDA:45,2,0,0
BRDA:45,2,1,0
BRDA:46,3,0,0
BRDA:46,3,1,0
BRDA:46,3,2,0
BRDA:46,3,3,0
BRDA:66,4,0,0
BRDA:66,4,1,0
BRDA:74,5,0,0
BRDA:74,5,1,0
BRF:12
BRH:0
end_of_record
TN:
SF:src\routes\pets.router.js
FN:6,(anonymous_0)
FN:22,(anonymous_1)
FN:47,(anonymous_2)
FN:63,(anonymous_3)
FN:88,(anonymous_4)
FNF:5
FNH:1
FNDA:0,(anonymous_0)
FNDA:0,(anonymous_1)
FNDA:46,(anonymous_2)
FNDA:0,(anonymous_3)
FNDA:0,(anonymous_4)
DA:1,1
DA:2,1
DA:3,1
DA:6,1
DA:7,0
DA:8,0
DA:9,0
DA:14,0
DA:22,1
DA:23,0
DA:24,0
DA:25,0
DA:27,0
DA:28,0
DA:34,0
DA:39,0
DA:47,1
DA:48,46
DA:49,46
DA:50,46
DA:55,0
DA:63,1
DA:64,0
DA:65,0
DA:66,0
DA:68,0
DA:69,0
DA:75,0
DA:80,0
DA:88,1
DA:89,0
DA:90,0
DA:91,0
DA:92,0
DA:97,0
DA:104,1
LF:36
LH:12
BRDA:27,0,0,0
BRDA:27,0,1,0
BRDA:68,1,0,0
BRDA:68,1,1,0
BRF:4
BRH:0
end_of_record
TN:
SF:src\routes\users.router.js
FN:40,(anonymous_0)
FN:94,(anonymous_1)
FN:173,(anonymous_2)
FN:244,(anonymous_3)
FN:302,(anonymous_4)
FNF:5
FNH:1
FNDA:0,(anonymous_0)
FNDA:0,(anonymous_1)
FNDA:25,(anonymous_2)
FNDA:0,(anonymous_3)
FNDA:0,(anonymous_4)
DA:1,1
DA:2,1
DA:3,1
DA:40,1
DA:41,0
DA:42,0
DA:43,0
DA:48,0
DA:94,1
DA:95,0
DA:96,0
DA:97,0
DA:99,0
DA:100,0
DA:106,0
DA:111,0
DA:173,1
DA:174,25
DA:175,25
DA:176,25
DA:181,0
DA:244,1
DA:245,0
DA:246,0
DA:247,0
DA:249,0
DA:250,0
DA:256,0
DA:261,0
DA:302,1
DA:303,0
DA:304,0
DA:305,0
DA:306,0
DA:311,0
DA:318,1
LF:36
LH:12
BRDA:99,0,0,0
BRDA:99,0,1,0
BRDA:249,1,0,0
BRDA:249,1,1,0
BRF:4
BRH:0
end_of_record
TN:
SF:src\services\pets.service.js
FN:4,(anonymous_0)
FN:13,(anonymous_1)
FN:22,(anonymous_2)
FN:32,(anonymous_3)
FN:41,(anonymous_4)
FN:50,(anonymous_5)
FNF:6
FNH:4
FNDA:2,(anonymous_0)
FNDA:20,(anonymous_1)
FNDA:46,(anonymous_2)
FNDA:0,(anonymous_3)
FNDA:12,(anonymous_4)
FNDA:0,(anonymous_5)
DA:1,1
DA:5,2
DA:6,2
DA:7,2
DA:9,0
DA:14,20
DA:15,20
DA:16,20
DA:18,0
DA:23,46
DA:24,46
DA:25,46
DA:26,46
DA:28,0
DA:33,0
DA:34,0
DA:35,0
DA:37,0
DA:42,12
DA:43,12
DA:44,12
DA:46,0
DA:51,0
DA:52,0
DA:53,0
DA:55,0
DA:60,1
LF:27
LH:15
BRF:0
BRH:0
end_of_record
TN:
SF:src\services\users.service.js
FN:4,(anonymous_0)
FN:13,(anonymous_1)
FN:22,(anonymous_2)
FN:32,(anonymous_3)
FN:41,(anonymous_4)
FN:50,(anonymous_5)
FNF:6
FNH:3
FNDA:0,(anonymous_0)
FNDA:21,(anonymous_1)
FNDA:25,(anonymous_2)
FNDA:0,(anonymous_3)
FNDA:12,(anonymous_4)
FNDA:0,(anonymous_5)
DA:1,1
DA:5,0
DA:6,0
DA:7,0
DA:9,0
DA:14,21
DA:15,21
DA:16,21
DA:18,0
DA:23,25
DA:24,25
DA:25,25
DA:26,25
DA:28,0
DA:33,0
DA:34,0
DA:35,0
DA:37,0
DA:42,12
DA:43,12
DA:44,12
DA:46,0
DA:51,0
DA:52,0
DA:53,0
DA:55,0
DA:60,1
LF:27
LH:12
BRF:0
BRH:0
end_of_record
TN:
SF:src\utils\mocking.js
FN:5,(anonymous_0)
FN:33,(anonymous_1)
FNF:2
FNH:0
FNDA:0,(anonymous_0)
FNDA:0,(anonymous_1)
DA:1,1
DA:6,0
DA:7,0
DA:17,0
DA:18,0
DA:26,0
DA:29,0
DA:34,0
DA:36,0
DA:37,0
DA:46,0
DA:49,0
DA:53,1
LF:13
LH:2
BRDA:5,0,0,0
BRDA:33,1,0,0
BRF:2
BRH:0
end_of_record
